2023-03-07 19:27:50,291 WARN com.zaxxer.hikari.pool.HikariPool$HouseKeeper [HikariPool-1 housekeeper] HikariPool-1 - Thread starvation or clock leap detected (housekeeper delta=2d1h32m17s780ms697µs700ns).
2023-03-07 19:34:48,366 INFO org.springframework.orm.jpa.AbstractEntityManagerFactoryBean [SpringApplicationShutdownHook] Closing JPA EntityManagerFactory for persistence unit 'default'
2023-03-07 19:34:48,434 INFO com.zaxxer.hikari.HikariDataSource [SpringApplicationShutdownHook] HikariPool-1 - Shutdown initiated...
2023-03-07 19:34:48,452 INFO com.zaxxer.hikari.HikariDataSource [SpringApplicationShutdownHook] HikariPool-1 - Shutdown completed.
2023-03-07 19:35:00,236 INFO org.springframework.boot.StartupInfoLogger [main] Starting PFEApplication using Java 1.8.0_191 on DESKTOP-SSNOUCT with PID 8304 (C:\Users\LENOVO GAMER\Desktop\PFE2\target\classes started by LENOVO GAMER in C:\Users\LENOVO GAMER\Desktop\PFE2)
2023-03-07 19:35:00,242 DEBUG org.springframework.boot.StartupInfoLogger [main] Running with Spring Boot v2.5.1, Spring v5.3.8
2023-03-07 19:35:00,243 INFO org.springframework.boot.SpringApplication [main] The following profiles are active: dev
2023-03-07 19:35:04,668 INFO org.springframework.data.repository.config.RepositoryConfigurationDelegate [main] Bootstrapping Spring Data JPA repositories in DEFAULT mode.
2023-03-07 19:35:05,095 INFO org.springframework.data.repository.config.RepositoryConfigurationDelegate [main] Finished Spring Data repository scanning in 402 ms. Found 1 JPA repository interfaces.
2023-03-07 19:35:08,475 INFO org.springframework.boot.web.embedded.tomcat.TomcatWebServer [main] Tomcat initialized with port(s): 8083 (http)
2023-03-07 19:35:08,497 INFO org.apache.juli.logging.DirectJDKLog [main] Initializing ProtocolHandler ["http-nio-8083"]
2023-03-07 19:35:08,498 INFO org.apache.juli.logging.DirectJDKLog [main] Starting service [Tomcat]
2023-03-07 19:35:08,499 INFO org.apache.juli.logging.DirectJDKLog [main] Starting Servlet engine: [Apache Tomcat/9.0.46]
2023-03-07 19:35:08,979 INFO org.apache.juli.logging.DirectJDKLog [main] Initializing Spring embedded WebApplicationContext
2023-03-07 19:35:08,980 INFO org.springframework.boot.web.servlet.context.ServletWebServerApplicationContext [main] Root WebApplicationContext: initialization completed in 8486 ms
2023-03-07 19:35:09,300 INFO com.zaxxer.hikari.HikariDataSource [main] HikariPool-1 - Starting...
2023-03-07 19:35:09,985 INFO com.zaxxer.hikari.pool.PoolBase [main] HikariPool-1 - Driver does not support get/set network timeout for connections. (com.mysql.jdbc.JDBC4Connection.getNetworkTimeout()I)
2023-03-07 19:35:09,991 INFO com.zaxxer.hikari.HikariDataSource [main] HikariPool-1 - Start completed.
2023-03-07 19:35:13,446 INFO org.springframework.orm.jpa.AbstractEntityManagerFactoryBean [main] Initialized JPA EntityManagerFactory for persistence unit 'default'
2023-03-07 19:35:15,344 WARN org.springframework.boot.autoconfigure.orm.jpa.JpaBaseConfiguration$JpaWebConfiguration [main] spring.jpa.open-in-view is enabled by default. Therefore, database queries may be performed during view rendering. Explicitly configure spring.jpa.open-in-view to disable this warning
2023-03-07 19:35:15,698 DEBUG org.springframework.web.servlet.handler.AbstractHandlerMethodMapping [main] 11 mappings in 'requestMappingHandlerMapping'
2023-03-07 19:35:16,599 DEBUG org.springframework.web.servlet.mvc.method.annotation.RequestMappingHandlerAdapter [main] ControllerAdvice beans: 0 @ModelAttribute, 0 @InitBinder, 1 RequestBodyAdvice, 1 ResponseBodyAdvice
2023-03-07 19:35:16,751 DEBUG org.springframework.web.servlet.handler.SimpleUrlHandlerMapping [main] Patterns [/swagger-ui/] in 'viewControllerHandlerMapping'
2023-03-07 19:35:16,835 DEBUG org.springframework.web.servlet.handler.SimpleUrlHandlerMapping [main] Patterns [/webjars/**, /**, /swagger-ui/**] in 'resourceHandlerMapping'
2023-03-07 19:35:16,886 DEBUG org.springframework.web.servlet.mvc.method.annotation.ExceptionHandlerExceptionResolver [main] ControllerAdvice beans: 0 @ExceptionHandler, 1 ResponseBodyAdvice
2023-03-07 19:35:17,165 INFO org.apache.juli.logging.DirectJDKLog [main] Starting ProtocolHandler ["http-nio-8083"]
2023-03-07 19:35:17,220 INFO org.springframework.boot.web.embedded.tomcat.TomcatWebServer [main] Tomcat started on port(s): 8083 (http) with context path ''
2023-03-07 19:35:18,546 INFO org.springframework.boot.StartupInfoLogger [main] Started PFEApplication in 20.157 seconds (JVM running for 22.491)
2023-03-07 19:35:18,571 INFO ma.geo.local.PFEApplication [main] Access URLs:
----------------------------------------------------------
	Local: 		http://127.0.0.1:8083/swagger-ui/#/
	External: 	http://192.168.56.1:8083/swagger-ui/#/
----------------------------------------------------------
2023-03-07 19:48:07,762 INFO org.springframework.orm.jpa.AbstractEntityManagerFactoryBean [SpringApplicationShutdownHook] Closing JPA EntityManagerFactory for persistence unit 'default'
2023-03-07 19:48:07,769 INFO com.zaxxer.hikari.HikariDataSource [SpringApplicationShutdownHook] HikariPool-1 - Shutdown initiated...
2023-03-07 19:48:07,786 INFO com.zaxxer.hikari.HikariDataSource [SpringApplicationShutdownHook] HikariPool-1 - Shutdown completed.
2023-03-07 19:48:30,003 INFO org.springframework.boot.StartupInfoLogger [main] Starting PFEApplication using Java 1.8.0_191 on DESKTOP-SSNOUCT with PID 5596 (C:\Users\LENOVO GAMER\Desktop\PFE2\target\classes started by LENOVO GAMER in C:\Users\LENOVO GAMER\Desktop\PFE2)
2023-03-07 19:48:30,010 DEBUG org.springframework.boot.StartupInfoLogger [main] Running with Spring Boot v2.5.1, Spring v5.3.8
2023-03-07 19:48:30,011 INFO org.springframework.boot.SpringApplication [main] The following profiles are active: dev
2023-03-07 19:48:34,939 INFO org.springframework.data.repository.config.RepositoryConfigurationDelegate [main] Bootstrapping Spring Data JPA repositories in DEFAULT mode.
2023-03-07 19:48:35,078 INFO org.springframework.data.repository.config.RepositoryConfigurationDelegate [main] Finished Spring Data repository scanning in 113 ms. Found 1 JPA repository interfaces.
2023-03-07 19:48:38,160 INFO org.springframework.boot.web.embedded.tomcat.TomcatWebServer [main] Tomcat initialized with port(s): 8083 (http)
2023-03-07 19:48:38,182 INFO org.apache.juli.logging.DirectJDKLog [main] Initializing ProtocolHandler ["http-nio-8083"]
2023-03-07 19:48:38,183 INFO org.apache.juli.logging.DirectJDKLog [main] Starting service [Tomcat]
2023-03-07 19:48:38,184 INFO org.apache.juli.logging.DirectJDKLog [main] Starting Servlet engine: [Apache Tomcat/9.0.46]
2023-03-07 19:48:38,569 INFO org.apache.juli.logging.DirectJDKLog [main] Initializing Spring embedded WebApplicationContext
2023-03-07 19:48:38,570 INFO org.springframework.boot.web.servlet.context.ServletWebServerApplicationContext [main] Root WebApplicationContext: initialization completed in 8296 ms
2023-03-07 19:48:39,918 INFO com.zaxxer.hikari.HikariDataSource [main] HikariPool-1 - Starting...
2023-03-07 19:48:40,598 INFO com.zaxxer.hikari.pool.PoolBase [main] HikariPool-1 - Driver does not support get/set network timeout for connections. (com.mysql.jdbc.JDBC4Connection.getNetworkTimeout()I)
2023-03-07 19:48:40,604 INFO com.zaxxer.hikari.HikariDataSource [main] HikariPool-1 - Start completed.
2023-03-07 19:48:43,315 INFO org.springframework.orm.jpa.AbstractEntityManagerFactoryBean [main] Initialized JPA EntityManagerFactory for persistence unit 'default'
2023-03-07 19:48:45,229 WARN org.springframework.boot.autoconfigure.orm.jpa.JpaBaseConfiguration$JpaWebConfiguration [main] spring.jpa.open-in-view is enabled by default. Therefore, database queries may be performed during view rendering. Explicitly configure spring.jpa.open-in-view to disable this warning
2023-03-07 19:48:45,678 DEBUG org.springframework.web.servlet.handler.AbstractHandlerMethodMapping [main] 11 mappings in 'requestMappingHandlerMapping'
2023-03-07 19:48:46,391 DEBUG org.springframework.web.servlet.mvc.method.annotation.RequestMappingHandlerAdapter [main] ControllerAdvice beans: 0 @ModelAttribute, 0 @InitBinder, 1 RequestBodyAdvice, 1 ResponseBodyAdvice
2023-03-07 19:48:46,517 DEBUG org.springframework.web.servlet.handler.SimpleUrlHandlerMapping [main] Patterns [/swagger-ui/] in 'viewControllerHandlerMapping'
2023-03-07 19:48:46,644 DEBUG org.springframework.web.servlet.handler.SimpleUrlHandlerMapping [main] Patterns [/webjars/**, /**, /swagger-ui/**] in 'resourceHandlerMapping'
2023-03-07 19:48:46,714 DEBUG org.springframework.web.servlet.mvc.method.annotation.ExceptionHandlerExceptionResolver [main] ControllerAdvice beans: 0 @ExceptionHandler, 1 ResponseBodyAdvice
2023-03-07 19:48:47,046 INFO org.springframework.boot.autoconfigure.security.servlet.UserDetailsServiceAutoConfiguration [main] 

Using generated security password: 5ec7bec9-d945-46e3-a4ee-dcc9d7836832

2023-03-07 19:48:47,838 INFO org.springframework.security.web.DefaultSecurityFilterChain [main] Will secure any request with [org.springframework.security.web.context.request.async.WebAsyncManagerIntegrationFilter@34695b23, org.springframework.security.web.context.SecurityContextPersistenceFilter@3573e19d, org.springframework.security.web.header.HeaderWriterFilter@bb6869a, org.springframework.security.web.csrf.CsrfFilter@79445efb, org.springframework.security.web.authentication.logout.LogoutFilter@160546b1, org.springframework.security.web.authentication.UsernamePasswordAuthenticationFilter@396f2724, org.springframework.security.web.authentication.ui.DefaultLoginPageGeneratingFilter@5c3710b3, org.springframework.security.web.authentication.ui.DefaultLogoutPageGeneratingFilter@611a2d82, org.springframework.security.web.authentication.www.BasicAuthenticationFilter@18b3db6e, org.springframework.security.web.savedrequest.RequestCacheAwareFilter@2a6dbb7c, org.springframework.security.web.servletapi.SecurityContextHolderAwareRequestFilter@27b490de, org.springframework.security.web.authentication.AnonymousAuthenticationFilter@6774f264, org.springframework.security.web.session.SessionManagementFilter@5eee3da9, org.springframework.security.web.access.ExceptionTranslationFilter@4bc21e34, org.springframework.security.web.access.intercept.FilterSecurityInterceptor@4c28f97e]
2023-03-07 19:48:48,093 INFO org.apache.juli.logging.DirectJDKLog [main] Starting ProtocolHandler ["http-nio-8083"]
2023-03-07 19:48:48,190 INFO org.springframework.boot.web.embedded.tomcat.TomcatWebServer [main] Tomcat started on port(s): 8083 (http) with context path ''
2023-03-07 19:48:49,140 INFO org.springframework.boot.StartupInfoLogger [main] Started PFEApplication in 21.753 seconds (JVM running for 24.177)
2023-03-07 19:48:49,164 INFO ma.geo.local.PFEApplication [main] Access URLs:
----------------------------------------------------------
	Local: 		http://127.0.0.1:8083/swagger-ui/#/
	External: 	http://192.168.56.1:8083/swagger-ui/#/
----------------------------------------------------------
2023-03-07 19:49:03,310 INFO org.apache.juli.logging.DirectJDKLog [http-nio-8083-exec-1] Initializing Spring DispatcherServlet 'dispatcherServlet'
2023-03-07 19:49:03,311 INFO org.springframework.web.servlet.FrameworkServlet [http-nio-8083-exec-1] Initializing Servlet 'dispatcherServlet'
2023-03-07 19:49:03,312 DEBUG org.springframework.web.servlet.DispatcherServlet [http-nio-8083-exec-1] Detected StandardServletMultipartResolver
2023-03-07 19:49:03,312 DEBUG org.springframework.web.servlet.DispatcherServlet [http-nio-8083-exec-1] Detected AcceptHeaderLocaleResolver
2023-03-07 19:49:03,313 DEBUG org.springframework.web.servlet.DispatcherServlet [http-nio-8083-exec-1] Detected FixedThemeResolver
2023-03-07 19:49:03,315 DEBUG org.springframework.web.servlet.DispatcherServlet [http-nio-8083-exec-1] Detected org.springframework.web.servlet.view.DefaultRequestToViewNameTranslator@559e3f67
2023-03-07 19:49:03,316 DEBUG org.springframework.web.servlet.DispatcherServlet [http-nio-8083-exec-1] Detected org.springframework.web.servlet.support.SessionFlashMapManager@eb1d475
2023-03-07 19:49:03,316 DEBUG org.springframework.web.servlet.FrameworkServlet [http-nio-8083-exec-1] enableLoggingRequestDetails='false': request parameters and headers will be masked to prevent unsafe logging of potentially sensitive data
2023-03-07 19:49:03,317 INFO org.springframework.web.servlet.FrameworkServlet [http-nio-8083-exec-1] Completed initialization in 6 ms
2023-03-07 19:49:44,210 INFO org.springframework.orm.jpa.AbstractEntityManagerFactoryBean [SpringApplicationShutdownHook] Closing JPA EntityManagerFactory for persistence unit 'default'
2023-03-07 19:49:44,224 INFO com.zaxxer.hikari.HikariDataSource [SpringApplicationShutdownHook] HikariPool-1 - Shutdown initiated...
2023-03-07 19:49:44,236 INFO com.zaxxer.hikari.HikariDataSource [SpringApplicationShutdownHook] HikariPool-1 - Shutdown completed.
2023-03-07 19:51:07,652 INFO org.springframework.boot.StartupInfoLogger [main] Starting PFEApplication using Java 1.8.0_191 on DESKTOP-SSNOUCT with PID 16980 (C:\Users\LENOVO GAMER\Desktop\PFE2\target\classes started by LENOVO GAMER in C:\Users\LENOVO GAMER\Desktop\PFE2)
2023-03-07 19:51:07,662 DEBUG org.springframework.boot.StartupInfoLogger [main] Running with Spring Boot v2.5.1, Spring v5.3.8
2023-03-07 19:51:07,663 INFO org.springframework.boot.SpringApplication [main] The following profiles are active: dev
2023-03-07 19:51:12,853 INFO org.springframework.data.repository.config.RepositoryConfigurationDelegate [main] Bootstrapping Spring Data JPA repositories in DEFAULT mode.
2023-03-07 19:51:13,255 INFO org.springframework.data.repository.config.RepositoryConfigurationDelegate [main] Finished Spring Data repository scanning in 308 ms. Found 1 JPA repository interfaces.
2023-03-07 19:51:18,024 INFO org.springframework.boot.web.embedded.tomcat.TomcatWebServer [main] Tomcat initialized with port(s): 8083 (http)
2023-03-07 19:51:18,062 INFO org.apache.juli.logging.DirectJDKLog [main] Initializing ProtocolHandler ["http-nio-8083"]
2023-03-07 19:51:18,069 INFO org.apache.juli.logging.DirectJDKLog [main] Starting service [Tomcat]
2023-03-07 19:51:18,073 INFO org.apache.juli.logging.DirectJDKLog [main] Starting Servlet engine: [Apache Tomcat/9.0.46]
2023-03-07 19:51:18,526 INFO org.apache.juli.logging.DirectJDKLog [main] Initializing Spring embedded WebApplicationContext
2023-03-07 19:51:18,527 INFO org.springframework.boot.web.servlet.context.ServletWebServerApplicationContext [main] Root WebApplicationContext: initialization completed in 10397 ms
2023-03-07 19:51:18,880 INFO com.zaxxer.hikari.HikariDataSource [main] HikariPool-1 - Starting...
2023-03-07 19:51:19,785 INFO com.zaxxer.hikari.pool.PoolBase [main] HikariPool-1 - Driver does not support get/set network timeout for connections. (com.mysql.jdbc.JDBC4Connection.getNetworkTimeout()I)
2023-03-07 19:51:19,792 INFO com.zaxxer.hikari.HikariDataSource [main] HikariPool-1 - Start completed.
2023-03-07 19:51:24,211 INFO org.springframework.orm.jpa.AbstractEntityManagerFactoryBean [main] Initialized JPA EntityManagerFactory for persistence unit 'default'
2023-03-07 19:51:27,069 WARN org.springframework.boot.autoconfigure.orm.jpa.JpaBaseConfiguration$JpaWebConfiguration [main] spring.jpa.open-in-view is enabled by default. Therefore, database queries may be performed during view rendering. Explicitly configure spring.jpa.open-in-view to disable this warning
2023-03-07 19:51:27,530 DEBUG org.springframework.web.servlet.handler.AbstractHandlerMethodMapping [main] 11 mappings in 'requestMappingHandlerMapping'
2023-03-07 19:51:28,542 DEBUG org.springframework.web.servlet.mvc.method.annotation.RequestMappingHandlerAdapter [main] ControllerAdvice beans: 0 @ModelAttribute, 0 @InitBinder, 1 RequestBodyAdvice, 1 ResponseBodyAdvice
2023-03-07 19:51:28,734 DEBUG org.springframework.web.servlet.handler.SimpleUrlHandlerMapping [main] Patterns [/swagger-ui/] in 'viewControllerHandlerMapping'
2023-03-07 19:51:28,811 DEBUG org.springframework.web.servlet.handler.SimpleUrlHandlerMapping [main] Patterns [/webjars/**, /**, /swagger-ui/**] in 'resourceHandlerMapping'
2023-03-07 19:51:28,844 DEBUG org.springframework.web.servlet.mvc.method.annotation.ExceptionHandlerExceptionResolver [main] ControllerAdvice beans: 0 @ExceptionHandler, 1 ResponseBodyAdvice
2023-03-07 19:51:29,321 INFO org.apache.juli.logging.DirectJDKLog [main] Starting ProtocolHandler ["http-nio-8083"]
2023-03-07 19:51:29,498 INFO org.springframework.boot.web.embedded.tomcat.TomcatWebServer [main] Tomcat started on port(s): 8083 (http) with context path ''
2023-03-07 19:51:30,684 INFO org.springframework.boot.StartupInfoLogger [main] Started PFEApplication in 25.039 seconds (JVM running for 28.002)
2023-03-07 19:51:30,695 INFO ma.geo.local.PFEApplication [main] Access URLs:
----------------------------------------------------------
	Local: 		http://127.0.0.1:8083/swagger-ui/#/
	External: 	http://192.168.56.1:8083/swagger-ui/#/
----------------------------------------------------------
2023-03-07 19:51:33,008 INFO org.apache.juli.logging.DirectJDKLog [http-nio-8083-exec-10] Initializing Spring DispatcherServlet 'dispatcherServlet'
2023-03-07 19:51:33,017 INFO org.springframework.web.servlet.FrameworkServlet [http-nio-8083-exec-10] Initializing Servlet 'dispatcherServlet'
2023-03-07 19:51:33,018 DEBUG org.springframework.web.servlet.DispatcherServlet [http-nio-8083-exec-10] Detected StandardServletMultipartResolver
2023-03-07 19:51:33,019 DEBUG org.springframework.web.servlet.DispatcherServlet [http-nio-8083-exec-10] Detected AcceptHeaderLocaleResolver
2023-03-07 19:51:33,019 DEBUG org.springframework.web.servlet.DispatcherServlet [http-nio-8083-exec-10] Detected FixedThemeResolver
2023-03-07 19:51:33,023 DEBUG org.springframework.web.servlet.DispatcherServlet [http-nio-8083-exec-10] Detected org.springframework.web.servlet.view.DefaultRequestToViewNameTranslator@2abedbbd
2023-03-07 19:51:33,024 DEBUG org.springframework.web.servlet.DispatcherServlet [http-nio-8083-exec-10] Detected org.springframework.web.servlet.support.SessionFlashMapManager@5bd3ca3c
2023-03-07 19:51:33,028 DEBUG org.springframework.web.servlet.FrameworkServlet [http-nio-8083-exec-10] enableLoggingRequestDetails='false': request parameters and headers will be masked to prevent unsafe logging of potentially sensitive data
2023-03-07 19:51:33,029 INFO org.springframework.web.servlet.FrameworkServlet [http-nio-8083-exec-10] Completed initialization in 11 ms
2023-03-07 19:51:33,069 DEBUG org.springframework.core.log.LogFormatUtils [http-nio-8083-exec-10] GET "/swagger-ui/", parameters={}
2023-03-07 19:51:33,096 DEBUG org.springframework.web.servlet.handler.AbstractHandlerMapping [http-nio-8083-exec-10] Mapped to ParameterizableViewController [view="forward:/swagger-ui/index.html"]
2023-03-07 19:51:33,119 DEBUG org.springframework.web.servlet.view.ContentNegotiatingViewResolver [http-nio-8083-exec-10] Selected 'text/html' given [text/html, application/xhtml+xml, image/avif, image/webp, image/apng, application/xml;q=0.9, application/signed-exchange;v=b3;q=0.7, */*;q=0.8]
2023-03-07 19:51:33,120 DEBUG org.springframework.web.servlet.view.AbstractView [http-nio-8083-exec-10] View name 'forward:', model {}
2023-03-07 19:51:33,124 DEBUG org.springframework.web.servlet.view.InternalResourceView [http-nio-8083-exec-10] Forwarding to [/swagger-ui/index.html]
2023-03-07 19:51:33,133 DEBUG org.springframework.core.log.LogFormatUtils [http-nio-8083-exec-10] "FORWARD" dispatch for GET "/swagger-ui/index.html", parameters={}
2023-03-07 19:51:33,137 DEBUG org.springframework.web.servlet.handler.AbstractHandlerMapping [http-nio-8083-exec-10] Mapped to ResourceHttpRequestHandler [Classpath [META-INF/resources/webjars/springfox-swagger-ui/]]
2023-03-07 19:51:33,173 DEBUG org.springframework.web.servlet.FrameworkServlet [http-nio-8083-exec-10] Exiting from "FORWARD" dispatch, status 200
2023-03-07 19:51:33,176 DEBUG org.springframework.web.servlet.FrameworkServlet [http-nio-8083-exec-10] Completed 200 OK
2023-03-07 19:51:33,226 DEBUG org.springframework.core.log.LogFormatUtils [http-nio-8083-exec-9] GET "/swagger-ui/springfox.css?v=3.0.0", parameters={masked}
2023-03-07 19:51:33,228 DEBUG org.springframework.web.servlet.handler.AbstractHandlerMapping [http-nio-8083-exec-9] Mapped to ResourceHttpRequestHandler [Classpath [META-INF/resources/webjars/springfox-swagger-ui/]]
2023-03-07 19:51:33,231 DEBUG org.springframework.core.log.LogFormatUtils [http-nio-8083-exec-8] GET "/swagger-ui/swagger-ui.css?v=3.0.0", parameters={masked}
2023-03-07 19:51:33,233 DEBUG org.springframework.web.servlet.handler.AbstractHandlerMapping [http-nio-8083-exec-8] Mapped to ResourceHttpRequestHandler [Classpath [META-INF/resources/webjars/springfox-swagger-ui/]]
2023-03-07 19:51:33,250 DEBUG org.springframework.web.servlet.FrameworkServlet [http-nio-8083-exec-9] Completed 304 NOT_MODIFIED
2023-03-07 19:51:33,252 DEBUG org.springframework.web.servlet.FrameworkServlet [http-nio-8083-exec-8] Completed 304 NOT_MODIFIED
2023-03-07 19:51:33,271 DEBUG org.springframework.core.log.LogFormatUtils [http-nio-8083-exec-7] GET "/swagger-ui/swagger-ui-bundle.js?v=3.0.0", parameters={masked}
2023-03-07 19:51:33,271 DEBUG org.springframework.core.log.LogFormatUtils [http-nio-8083-exec-5] GET "/swagger-ui/springfox.js?v=3.0.0", parameters={masked}
2023-03-07 19:51:33,273 DEBUG org.springframework.web.servlet.handler.AbstractHandlerMapping [http-nio-8083-exec-7] Mapped to ResourceHttpRequestHandler [Classpath [META-INF/resources/webjars/springfox-swagger-ui/]]
2023-03-07 19:51:33,278 DEBUG org.springframework.web.servlet.FrameworkServlet [http-nio-8083-exec-7] Completed 304 NOT_MODIFIED
2023-03-07 19:51:33,278 DEBUG org.springframework.web.servlet.handler.AbstractHandlerMapping [http-nio-8083-exec-5] Mapped to ResourceHttpRequestHandler [Classpath [META-INF/resources/webjars/springfox-swagger-ui/]]
2023-03-07 19:51:33,284 DEBUG org.springframework.web.servlet.FrameworkServlet [http-nio-8083-exec-5] Completed 304 NOT_MODIFIED
2023-03-07 19:51:33,285 DEBUG org.springframework.core.log.LogFormatUtils [http-nio-8083-exec-6] GET "/swagger-ui/swagger-ui-standalone-preset.js?v=3.0.0", parameters={masked}
2023-03-07 19:51:33,348 DEBUG org.springframework.web.servlet.handler.AbstractHandlerMapping [http-nio-8083-exec-6] Mapped to ResourceHttpRequestHandler [Classpath [META-INF/resources/webjars/springfox-swagger-ui/]]
2023-03-07 19:51:33,351 DEBUG org.springframework.web.servlet.FrameworkServlet [http-nio-8083-exec-6] Completed 304 NOT_MODIFIED
2023-03-07 19:51:33,967 DEBUG org.springframework.core.log.LogFormatUtils [http-nio-8083-exec-4] GET "/swagger-resources/configuration/ui", parameters={}
2023-03-07 19:51:33,969 DEBUG org.springframework.web.servlet.handler.AbstractHandlerMapping [http-nio-8083-exec-4] Mapped to springfox.documentation.swagger.web.ApiResourceController#uiConfiguration()
2023-03-07 19:51:33,992 DEBUG org.springframework.web.servlet.mvc.method.annotation.AbstractMessageConverterMethodProcessor [http-nio-8083-exec-4] Using 'application/json', given [application/json] and supported [application/json]
2023-03-07 19:51:34,067 DEBUG org.springframework.core.log.LogFormatUtils [http-nio-8083-exec-4] Writing [springfox.documentation.swagger.web.UiConfiguration@53147e85]
2023-03-07 19:51:34,096 DEBUG org.springframework.web.servlet.FrameworkServlet [http-nio-8083-exec-4] Completed 200 OK
2023-03-07 19:51:34,107 DEBUG org.springframework.core.log.LogFormatUtils [http-nio-8083-exec-3] GET "/swagger-resources/configuration/security", parameters={}
2023-03-07 19:51:34,108 DEBUG org.springframework.web.servlet.handler.AbstractHandlerMapping [http-nio-8083-exec-3] Mapped to springfox.documentation.swagger.web.ApiResourceController#securityConfiguration()
2023-03-07 19:51:34,109 DEBUG org.springframework.web.servlet.mvc.method.annotation.AbstractMessageConverterMethodProcessor [http-nio-8083-exec-3] Using 'application/json', given [application/json] and supported [application/json]
2023-03-07 19:51:34,124 DEBUG org.springframework.core.log.LogFormatUtils [http-nio-8083-exec-3] Writing [springfox.documentation.swagger.web.SecurityConfiguration@762c026a]
2023-03-07 19:51:34,126 DEBUG org.springframework.web.servlet.FrameworkServlet [http-nio-8083-exec-3] Completed 200 OK
2023-03-07 19:51:34,133 DEBUG org.springframework.core.log.LogFormatUtils [http-nio-8083-exec-2] GET "/swagger-resources", parameters={}
2023-03-07 19:51:34,134 DEBUG org.springframework.web.servlet.handler.AbstractHandlerMapping [http-nio-8083-exec-2] Mapped to springfox.documentation.swagger.web.ApiResourceController#swaggerResources()
2023-03-07 19:51:34,135 DEBUG org.springframework.web.servlet.mvc.method.annotation.AbstractMessageConverterMethodProcessor [http-nio-8083-exec-2] Using 'application/json', given [application/json] and supported [application/json]
2023-03-07 19:51:34,138 DEBUG org.springframework.core.log.LogFormatUtils [http-nio-8083-exec-2] Writing [[springfox.documentation.swagger.web.SwaggerResource@7974f4c6]]
2023-03-07 19:51:34,145 DEBUG org.springframework.web.servlet.FrameworkServlet [http-nio-8083-exec-2] Completed 200 OK
2023-03-07 19:51:34,239 DEBUG org.springframework.core.log.LogFormatUtils [http-nio-8083-exec-1] GET "/v2/api-docs", parameters={}
2023-03-07 19:51:34,240 DEBUG org.springframework.web.servlet.handler.AbstractHandlerMapping [http-nio-8083-exec-1] Mapped to springfox.documentation.swagger2.web.Swagger2ControllerWebMvc#getDocumentation(String, HttpServletRequest)
2023-03-07 19:51:34,503 DEBUG org.springframework.web.servlet.mvc.method.annotation.AbstractMessageConverterMethodProcessor [http-nio-8083-exec-1] Using 'application/json', given [application/json, */*] and supported [application/json, application/hal+json]
2023-03-07 19:51:34,507 DEBUG org.springframework.core.log.LogFormatUtils [http-nio-8083-exec-1] Writing [springfox.documentation.spring.web.json.Json@410971f6]
2023-03-07 19:51:34,509 DEBUG org.springframework.web.servlet.FrameworkServlet [http-nio-8083-exec-1] Completed 200 OK
2023-03-07 19:51:40,392 DEBUG org.springframework.core.log.LogFormatUtils [http-nio-8083-exec-6] GET "/v2/api-docs", parameters={}
2023-03-07 19:51:40,401 DEBUG org.springframework.web.servlet.handler.AbstractHandlerMapping [http-nio-8083-exec-6] Mapped to springfox.documentation.swagger2.web.Swagger2ControllerWebMvc#getDocumentation(String, HttpServletRequest)
2023-03-07 19:51:40,410 DEBUG org.springframework.web.servlet.mvc.method.annotation.AbstractMessageConverterMethodProcessor [http-nio-8083-exec-6] Using 'application/json;q=0.8', given [text/html, application/xhtml+xml, image/avif, image/webp, image/apng, application/xml;q=0.9, application/signed-exchange;v=b3;q=0.7, */*;q=0.8] and supported [application/json, application/hal+json]
2023-03-07 19:51:40,411 DEBUG org.springframework.core.log.LogFormatUtils [http-nio-8083-exec-6] Writing [springfox.documentation.spring.web.json.Json@711d6221]
2023-03-07 19:51:40,413 DEBUG org.springframework.web.servlet.FrameworkServlet [http-nio-8083-exec-6] Completed 200 OK
2023-03-07 19:52:34,701 DEBUG org.springframework.core.log.LogFormatUtils [http-nio-8083-exec-2] GET "/v2/api-docs", parameters={}
2023-03-07 19:52:34,712 DEBUG org.springframework.web.servlet.handler.AbstractHandlerMapping [http-nio-8083-exec-2] Mapped to springfox.documentation.swagger2.web.Swagger2ControllerWebMvc#getDocumentation(String, HttpServletRequest)
2023-03-07 19:52:34,734 DEBUG org.springframework.web.servlet.mvc.method.annotation.AbstractMessageConverterMethodProcessor [http-nio-8083-exec-2] Using 'application/json;q=0.8', given [text/html, application/xhtml+xml, image/avif, image/webp, image/apng, application/xml;q=0.9, application/signed-exchange;v=b3;q=0.7, */*;q=0.8] and supported [application/json, application/hal+json]
2023-03-07 19:52:34,758 DEBUG org.springframework.core.log.LogFormatUtils [http-nio-8083-exec-2] Writing [springfox.documentation.spring.web.json.Json@2831473]
2023-03-07 19:52:34,774 DEBUG org.springframework.web.servlet.FrameworkServlet [http-nio-8083-exec-2] Completed 200 OK
2023-03-07 19:53:21,984 DEBUG org.springframework.core.log.LogFormatUtils [http-nio-8083-exec-1] GET "/v2/api-docs", parameters={}
2023-03-07 19:53:21,986 DEBUG org.springframework.web.servlet.handler.AbstractHandlerMapping [http-nio-8083-exec-1] Mapped to springfox.documentation.swagger2.web.Swagger2ControllerWebMvc#getDocumentation(String, HttpServletRequest)
2023-03-07 19:53:22,005 DEBUG org.springframework.web.servlet.mvc.method.annotation.AbstractMessageConverterMethodProcessor [http-nio-8083-exec-1] Using 'application/json;q=0.8', given [text/html, application/xhtml+xml, image/avif, image/webp, image/apng, application/xml;q=0.9, application/signed-exchange;v=b3;q=0.7, */*;q=0.8] and supported [application/json, application/hal+json]
2023-03-07 19:53:22,005 DEBUG org.springframework.core.log.LogFormatUtils [http-nio-8083-exec-1] Writing [springfox.documentation.spring.web.json.Json@5f05affb]
2023-03-07 19:53:22,008 DEBUG org.springframework.web.servlet.FrameworkServlet [http-nio-8083-exec-1] Completed 200 OK
2023-03-07 19:53:52,133 DEBUG org.springframework.core.log.LogFormatUtils [http-nio-8083-exec-8] GET "/v2/api-docs", parameters={}
2023-03-07 19:53:52,159 DEBUG org.springframework.web.servlet.handler.AbstractHandlerMapping [http-nio-8083-exec-8] Mapped to springfox.documentation.swagger2.web.Swagger2ControllerWebMvc#getDocumentation(String, HttpServletRequest)
2023-03-07 19:53:52,174 DEBUG org.springframework.web.servlet.mvc.method.annotation.AbstractMessageConverterMethodProcessor [http-nio-8083-exec-8] Using 'application/json;q=0.8', given [text/html, application/xhtml+xml, image/avif, image/webp, image/apng, application/xml;q=0.9, application/signed-exchange;v=b3;q=0.7, */*;q=0.8] and supported [application/json, application/hal+json]
2023-03-07 19:53:52,175 DEBUG org.springframework.core.log.LogFormatUtils [http-nio-8083-exec-8] Writing [springfox.documentation.spring.web.json.Json@1c8afe9e]
2023-03-07 19:53:52,177 DEBUG org.springframework.web.servlet.FrameworkServlet [http-nio-8083-exec-8] Completed 200 OK
2023-03-07 19:56:34,205 DEBUG org.springframework.core.log.LogFormatUtils [http-nio-8083-exec-7] POST "/students", parameters={}
2023-03-07 19:56:34,206 DEBUG org.springframework.web.servlet.handler.AbstractHandlerMapping [http-nio-8083-exec-7] Mapped to ma.geo.local.controllers.StudentController#save(StudentDTO)
2023-03-07 19:56:34,285 DEBUG org.springframework.core.log.LogFormatUtils [http-nio-8083-exec-7] Read "application/json;charset=UTF-8" to [StudentDTO{id=0, name='OMAR'}]
2023-03-07 19:56:34,290 DEBUG ma.geo.local.controllers.StudentController [http-nio-8083-exec-7] start method save dto : StudentDTO{id=0, name='OMAR'} 
2023-03-07 19:56:34,291 DEBUG ma.geo.local.services.StudentServiceImpl [http-nio-8083-exec-7] start method save dto : StudentDTO{id=0, name='OMAR'} 
2023-03-07 19:56:34,436 DEBUG org.springframework.web.servlet.mvc.method.annotation.AbstractMessageConverterMethodProcessor [http-nio-8083-exec-7] Using 'application/json', given [*/*] and supported [application/json, application/*+json, application/json, application/*+json]
2023-03-07 19:56:34,437 DEBUG org.springframework.core.log.LogFormatUtils [http-nio-8083-exec-7] Writing [1]
2023-03-07 19:56:34,441 DEBUG org.springframework.web.servlet.FrameworkServlet [http-nio-8083-exec-7] Completed 200 OK
2023-03-07 20:08:13,660 INFO org.springframework.orm.jpa.AbstractEntityManagerFactoryBean [SpringApplicationShutdownHook] Closing JPA EntityManagerFactory for persistence unit 'default'
2023-03-07 20:08:13,670 INFO com.zaxxer.hikari.HikariDataSource [SpringApplicationShutdownHook] HikariPool-1 - Shutdown initiated...
2023-03-07 20:08:13,690 INFO com.zaxxer.hikari.HikariDataSource [SpringApplicationShutdownHook] HikariPool-1 - Shutdown completed.
2023-03-07 20:10:33,798 INFO org.springframework.boot.StartupInfoLogger [main] Starting PFEApplication using Java 1.8.0_191 on DESKTOP-SSNOUCT with PID 6780 (C:\Users\LENOVO GAMER\Desktop\PFE2\target\classes started by LENOVO GAMER in C:\Users\LENOVO GAMER\Desktop\PFE2)
2023-03-07 20:10:33,803 DEBUG org.springframework.boot.StartupInfoLogger [main] Running with Spring Boot v2.5.1, Spring v5.3.8
2023-03-07 20:10:33,849 INFO org.springframework.boot.SpringApplication [main] The following profiles are active: dev
2023-03-07 20:10:37,456 INFO org.springframework.data.repository.config.RepositoryConfigurationDelegate [main] Bootstrapping Spring Data JPA repositories in DEFAULT mode.
2023-03-07 20:10:37,626 INFO org.springframework.data.repository.config.RepositoryConfigurationDelegate [main] Finished Spring Data repository scanning in 147 ms. Found 1 JPA repository interfaces.
2023-03-07 20:10:40,104 INFO org.springframework.boot.web.embedded.tomcat.TomcatWebServer [main] Tomcat initialized with port(s): 8083 (http)
2023-03-07 20:10:40,128 INFO org.apache.juli.logging.DirectJDKLog [main] Initializing ProtocolHandler ["http-nio-8083"]
2023-03-07 20:10:40,130 INFO org.apache.juli.logging.DirectJDKLog [main] Starting service [Tomcat]
2023-03-07 20:10:40,131 INFO org.apache.juli.logging.DirectJDKLog [main] Starting Servlet engine: [Apache Tomcat/9.0.46]
2023-03-07 20:10:40,443 INFO org.apache.juli.logging.DirectJDKLog [main] Initializing Spring embedded WebApplicationContext
2023-03-07 20:10:40,444 INFO org.springframework.boot.web.servlet.context.ServletWebServerApplicationContext [main] Root WebApplicationContext: initialization completed in 6297 ms
2023-03-07 20:10:40,750 INFO com.zaxxer.hikari.HikariDataSource [main] HikariPool-1 - Starting...
2023-03-07 20:10:41,412 INFO com.zaxxer.hikari.pool.PoolBase [main] HikariPool-1 - Driver does not support get/set network timeout for connections. (com.mysql.jdbc.JDBC4Connection.getNetworkTimeout()I)
2023-03-07 20:10:41,417 INFO com.zaxxer.hikari.HikariDataSource [main] HikariPool-1 - Start completed.
2023-03-07 20:10:43,995 INFO org.springframework.orm.jpa.AbstractEntityManagerFactoryBean [main] Initialized JPA EntityManagerFactory for persistence unit 'default'
2023-03-07 20:10:45,758 WARN org.springframework.boot.autoconfigure.orm.jpa.JpaBaseConfiguration$JpaWebConfiguration [main] spring.jpa.open-in-view is enabled by default. Therefore, database queries may be performed during view rendering. Explicitly configure spring.jpa.open-in-view to disable this warning
2023-03-07 20:10:46,067 DEBUG org.springframework.web.servlet.handler.AbstractHandlerMethodMapping [main] 11 mappings in 'requestMappingHandlerMapping'
2023-03-07 20:10:46,755 DEBUG org.springframework.web.servlet.mvc.method.annotation.RequestMappingHandlerAdapter [main] ControllerAdvice beans: 0 @ModelAttribute, 0 @InitBinder, 1 RequestBodyAdvice, 1 ResponseBodyAdvice
2023-03-07 20:10:47,037 DEBUG org.springframework.web.servlet.handler.SimpleUrlHandlerMapping [main] Patterns [/swagger-ui/] in 'viewControllerHandlerMapping'
2023-03-07 20:10:47,100 DEBUG org.springframework.web.servlet.handler.SimpleUrlHandlerMapping [main] Patterns [/webjars/**, /**, /swagger-ui/**] in 'resourceHandlerMapping'
2023-03-07 20:10:47,128 DEBUG org.springframework.web.servlet.mvc.method.annotation.ExceptionHandlerExceptionResolver [main] ControllerAdvice beans: 0 @ExceptionHandler, 1 ResponseBodyAdvice
2023-03-07 20:10:47,918 INFO org.apache.juli.logging.DirectJDKLog [main] Starting ProtocolHandler ["http-nio-8083"]
2023-03-07 20:10:48,125 INFO org.springframework.boot.web.embedded.tomcat.TomcatWebServer [main] Tomcat started on port(s): 8083 (http) with context path ''
2023-03-07 20:10:49,472 INFO org.springframework.boot.StartupInfoLogger [main] Started PFEApplication in 17.337 seconds (JVM running for 19.281)
2023-03-07 20:10:49,484 INFO ma.geo.local.PFEApplication [main] Access URLs:
----------------------------------------------------------
	Local: 		http://127.0.0.1:8083/swagger-ui/#/
	External: 	http://192.168.56.1:8083/swagger-ui/#/
----------------------------------------------------------
2023-03-07 20:14:07,918 INFO org.springframework.orm.jpa.AbstractEntityManagerFactoryBean [SpringApplicationShutdownHook] Closing JPA EntityManagerFactory for persistence unit 'default'
2023-03-07 20:14:07,925 INFO com.zaxxer.hikari.HikariDataSource [SpringApplicationShutdownHook] HikariPool-1 - Shutdown initiated...
2023-03-07 20:14:07,936 INFO com.zaxxer.hikari.HikariDataSource [SpringApplicationShutdownHook] HikariPool-1 - Shutdown completed.
2023-03-07 20:15:03,655 INFO org.springframework.boot.StartupInfoLogger [main] Starting PFEApplication using Java 1.8.0_191 on DESKTOP-SSNOUCT with PID 8504 (C:\Users\LENOVO GAMER\Desktop\PFE2\target\classes started by LENOVO GAMER in C:\Users\LENOVO GAMER\Desktop\PFE2)
2023-03-07 20:15:03,664 DEBUG org.springframework.boot.StartupInfoLogger [main] Running with Spring Boot v2.5.1, Spring v5.3.8
2023-03-07 20:15:03,664 INFO org.springframework.boot.SpringApplication [main] The following profiles are active: dev
2023-03-07 20:15:08,112 INFO org.springframework.data.repository.config.RepositoryConfigurationDelegate [main] Bootstrapping Spring Data JPA repositories in DEFAULT mode.
2023-03-07 20:15:08,476 INFO org.springframework.data.repository.config.RepositoryConfigurationDelegate [main] Finished Spring Data repository scanning in 293 ms. Found 1 JPA repository interfaces.
2023-03-07 20:15:11,162 INFO org.springframework.boot.web.embedded.tomcat.TomcatWebServer [main] Tomcat initialized with port(s): 8083 (http)
2023-03-07 20:15:11,186 INFO org.apache.juli.logging.DirectJDKLog [main] Initializing ProtocolHandler ["http-nio-8083"]
2023-03-07 20:15:11,187 INFO org.apache.juli.logging.DirectJDKLog [main] Starting service [Tomcat]
2023-03-07 20:15:11,188 INFO org.apache.juli.logging.DirectJDKLog [main] Starting Servlet engine: [Apache Tomcat/9.0.46]
2023-03-07 20:15:11,560 INFO org.apache.juli.logging.DirectJDKLog [main] Initializing Spring embedded WebApplicationContext
2023-03-07 20:15:11,568 INFO org.springframework.boot.web.servlet.context.ServletWebServerApplicationContext [main] Root WebApplicationContext: initialization completed in 7590 ms
2023-03-07 20:15:11,895 INFO com.zaxxer.hikari.HikariDataSource [main] HikariPool-1 - Starting...
2023-03-07 20:15:12,357 INFO com.zaxxer.hikari.pool.PoolBase [main] HikariPool-1 - Driver does not support get/set network timeout for connections. (com.mysql.jdbc.JDBC4Connection.getNetworkTimeout()I)
2023-03-07 20:15:12,361 INFO com.zaxxer.hikari.HikariDataSource [main] HikariPool-1 - Start completed.
2023-03-07 20:15:14,043 ERROR org.springframework.orm.jpa.AbstractEntityManagerFactoryBean [main] Failed to initialize JPA EntityManagerFactory: [PersistenceUnit: default] Unable to build Hibernate SessionFactory; nested exception is org.hibernate.MappingException: Composite-id class must implement Serializable: ma.geo.local.entities.StudentEntity
2023-03-07 20:15:14,045 WARN org.springframework.context.support.AbstractApplicationContext [main] Exception encountered during context initialization - cancelling refresh attempt: org.springframework.beans.factory.BeanCreationException: Error creating bean with name 'entityManagerFactory' defined in class path resource [org/springframework/boot/autoconfigure/orm/jpa/HibernateJpaConfiguration.class]: Invocation of init method failed; nested exception is javax.persistence.PersistenceException: [PersistenceUnit: default] Unable to build Hibernate SessionFactory; nested exception is org.hibernate.MappingException: Composite-id class must implement Serializable: ma.geo.local.entities.StudentEntity
2023-03-07 20:15:14,046 INFO com.zaxxer.hikari.HikariDataSource [main] HikariPool-1 - Shutdown initiated...
2023-03-07 20:15:14,054 INFO com.zaxxer.hikari.HikariDataSource [main] HikariPool-1 - Shutdown completed.
2023-03-07 20:15:14,058 INFO org.apache.juli.logging.DirectJDKLog [main] Stopping service [Tomcat]
2023-03-07 20:15:14,083 INFO org.springframework.boot.autoconfigure.logging.ConditionEvaluationReportLoggingListener [main] 

Error starting ApplicationContext. To display the conditions report re-run your application with 'debug' enabled.
2023-03-07 20:15:14,128 ERROR org.springframework.boot.SpringApplication [main] Application run failed
org.springframework.beans.factory.BeanCreationException: Error creating bean with name 'entityManagerFactory' defined in class path resource [org/springframework/boot/autoconfigure/orm/jpa/HibernateJpaConfiguration.class]: Invocation of init method failed; nested exception is javax.persistence.PersistenceException: [PersistenceUnit: default] Unable to build Hibernate SessionFactory; nested exception is org.hibernate.MappingException: Composite-id class must implement Serializable: ma.geo.local.entities.StudentEntity
	at org.springframework.beans.factory.support.AbstractAutowireCapableBeanFactory.initializeBean(AbstractAutowireCapableBeanFactory.java:1786)
	at org.springframework.beans.factory.support.AbstractAutowireCapableBeanFactory.doCreateBean(AbstractAutowireCapableBeanFactory.java:602)
	at org.springframework.beans.factory.support.AbstractAutowireCapableBeanFactory.createBean(AbstractAutowireCapableBeanFactory.java:524)
	at org.springframework.beans.factory.support.AbstractBeanFactory.lambda$doGetBean$0(AbstractBeanFactory.java:335)
	at org.springframework.beans.factory.support.DefaultSingletonBeanRegistry.getSingleton(DefaultSingletonBeanRegistry.java:234)
	at org.springframework.beans.factory.support.AbstractBeanFactory.doGetBean(AbstractBeanFactory.java:333)
	at org.springframework.beans.factory.support.AbstractBeanFactory.getBean(AbstractBeanFactory.java:208)
	at org.springframework.context.support.AbstractApplicationContext.getBean(AbstractApplicationContext.java:1154)
	at org.springframework.context.support.AbstractApplicationContext.finishBeanFactoryInitialization(AbstractApplicationContext.java:908)
	at org.springframework.context.support.AbstractApplicationContext.refresh(AbstractApplicationContext.java:583)
	at org.springframework.boot.web.servlet.context.ServletWebServerApplicationContext.refresh(ServletWebServerApplicationContext.java:145)
	at org.springframework.boot.SpringApplication.refresh(SpringApplication.java:754)
	at org.springframework.boot.SpringApplication.refreshContext(SpringApplication.java:434)
	at org.springframework.boot.SpringApplication.run(SpringApplication.java:338)
	at ma.geo.local.PFEApplication.main(PFEApplication.java:23)
Caused by: javax.persistence.PersistenceException: [PersistenceUnit: default] Unable to build Hibernate SessionFactory; nested exception is org.hibernate.MappingException: Composite-id class must implement Serializable: ma.geo.local.entities.StudentEntity
	at org.springframework.orm.jpa.AbstractEntityManagerFactoryBean.buildNativeEntityManagerFactory(AbstractEntityManagerFactoryBean.java:421)
	at org.springframework.orm.jpa.AbstractEntityManagerFactoryBean.afterPropertiesSet(AbstractEntityManagerFactoryBean.java:396)
	at org.springframework.orm.jpa.LocalContainerEntityManagerFactoryBean.afterPropertiesSet(LocalContainerEntityManagerFactoryBean.java:341)
	at org.springframework.beans.factory.support.AbstractAutowireCapableBeanFactory.invokeInitMethods(AbstractAutowireCapableBeanFactory.java:1845)
	at org.springframework.beans.factory.support.AbstractAutowireCapableBeanFactory.initializeBean(AbstractAutowireCapableBeanFactory.java:1782)
	... 14 common frames omitted
Caused by: org.hibernate.MappingException: Composite-id class must implement Serializable: ma.geo.local.entities.StudentEntity
	at org.hibernate.mapping.RootClass.checkCompositeIdentifier(RootClass.java:293)
	at org.hibernate.mapping.RootClass.validate(RootClass.java:276)
	at org.hibernate.boot.internal.MetadataImpl.validate(MetadataImpl.java:354)
	at org.hibernate.internal.SessionFactoryImpl.<init>(SessionFactoryImpl.java:298)
	at org.hibernate.boot.internal.SessionFactoryBuilderImpl.build(SessionFactoryBuilderImpl.java:468)
	at org.hibernate.jpa.boot.internal.EntityManagerFactoryBuilderImpl.build(EntityManagerFactoryBuilderImpl.java:1259)
	at org.springframework.orm.jpa.vendor.SpringHibernateJpaPersistenceProvider.createContainerEntityManagerFactory(SpringHibernateJpaPersistenceProvider.java:58)
	at org.springframework.orm.jpa.LocalContainerEntityManagerFactoryBean.createNativeEntityManagerFactory(LocalContainerEntityManagerFactoryBean.java:365)
	at org.springframework.orm.jpa.AbstractEntityManagerFactoryBean.buildNativeEntityManagerFactory(AbstractEntityManagerFactoryBean.java:409)
	... 18 common frames omitted
2023-03-07 20:16:44,990 INFO org.springframework.boot.StartupInfoLogger [main] Starting PFEApplication using Java 1.8.0_191 on DESKTOP-SSNOUCT with PID 20044 (C:\Users\LENOVO GAMER\Desktop\PFE2\target\classes started by LENOVO GAMER in C:\Users\LENOVO GAMER\Desktop\PFE2)
2023-03-07 20:16:44,996 DEBUG org.springframework.boot.StartupInfoLogger [main] Running with Spring Boot v2.5.1, Spring v5.3.8
2023-03-07 20:16:44,997 INFO org.springframework.boot.SpringApplication [main] The following profiles are active: dev
2023-03-07 20:16:48,513 INFO org.springframework.data.repository.config.RepositoryConfigurationDelegate [main] Bootstrapping Spring Data JPA repositories in DEFAULT mode.
2023-03-07 20:16:48,685 INFO org.springframework.data.repository.config.RepositoryConfigurationDelegate [main] Finished Spring Data repository scanning in 149 ms. Found 1 JPA repository interfaces.
2023-03-07 20:16:51,083 INFO org.springframework.boot.web.embedded.tomcat.TomcatWebServer [main] Tomcat initialized with port(s): 8083 (http)
2023-03-07 20:16:51,106 INFO org.apache.juli.logging.DirectJDKLog [main] Initializing ProtocolHandler ["http-nio-8083"]
2023-03-07 20:16:51,108 INFO org.apache.juli.logging.DirectJDKLog [main] Starting service [Tomcat]
2023-03-07 20:16:51,109 INFO org.apache.juli.logging.DirectJDKLog [main] Starting Servlet engine: [Apache Tomcat/9.0.46]
2023-03-07 20:16:51,410 INFO org.apache.juli.logging.DirectJDKLog [main] Initializing Spring embedded WebApplicationContext
2023-03-07 20:16:51,411 INFO org.springframework.boot.web.servlet.context.ServletWebServerApplicationContext [main] Root WebApplicationContext: initialization completed in 6192 ms
2023-03-07 20:16:51,714 INFO com.zaxxer.hikari.HikariDataSource [main] HikariPool-1 - Starting...
2023-03-07 20:16:52,202 INFO com.zaxxer.hikari.pool.PoolBase [main] HikariPool-1 - Driver does not support get/set network timeout for connections. (com.mysql.jdbc.JDBC4Connection.getNetworkTimeout()I)
2023-03-07 20:16:52,207 INFO com.zaxxer.hikari.HikariDataSource [main] HikariPool-1 - Start completed.
2023-03-07 20:16:54,524 INFO org.springframework.orm.jpa.AbstractEntityManagerFactoryBean [main] Initialized JPA EntityManagerFactory for persistence unit 'default'
2023-03-07 20:16:56,096 WARN org.springframework.boot.autoconfigure.orm.jpa.JpaBaseConfiguration$JpaWebConfiguration [main] spring.jpa.open-in-view is enabled by default. Therefore, database queries may be performed during view rendering. Explicitly configure spring.jpa.open-in-view to disable this warning
2023-03-07 20:16:56,397 DEBUG org.springframework.web.servlet.handler.AbstractHandlerMethodMapping [main] 11 mappings in 'requestMappingHandlerMapping'
2023-03-07 20:16:57,002 DEBUG org.springframework.web.servlet.mvc.method.annotation.RequestMappingHandlerAdapter [main] ControllerAdvice beans: 0 @ModelAttribute, 0 @InitBinder, 1 RequestBodyAdvice, 1 ResponseBodyAdvice
2023-03-07 20:16:57,106 DEBUG org.springframework.web.servlet.handler.SimpleUrlHandlerMapping [main] Patterns [/swagger-ui/] in 'viewControllerHandlerMapping'
2023-03-07 20:16:57,156 DEBUG org.springframework.web.servlet.handler.SimpleUrlHandlerMapping [main] Patterns [/webjars/**, /**, /swagger-ui/**] in 'resourceHandlerMapping'
2023-03-07 20:16:57,173 DEBUG org.springframework.web.servlet.mvc.method.annotation.ExceptionHandlerExceptionResolver [main] ControllerAdvice beans: 0 @ExceptionHandler, 1 ResponseBodyAdvice
2023-03-07 20:16:57,432 INFO org.apache.juli.logging.DirectJDKLog [main] Starting ProtocolHandler ["http-nio-8083"]
2023-03-07 20:16:57,546 INFO org.springframework.boot.web.embedded.tomcat.TomcatWebServer [main] Tomcat started on port(s): 8083 (http) with context path ''
2023-03-07 20:16:58,413 INFO org.springframework.boot.StartupInfoLogger [main] Started PFEApplication in 14.593 seconds (JVM running for 16.315)
2023-03-07 20:16:58,425 INFO ma.geo.local.PFEApplication [main] Access URLs:
----------------------------------------------------------
	Local: 		http://127.0.0.1:8083/swagger-ui/#/
	External: 	http://192.168.56.1:8083/swagger-ui/#/
----------------------------------------------------------
2023-03-07 20:38:11,713 INFO org.springframework.orm.jpa.AbstractEntityManagerFactoryBean [SpringApplicationShutdownHook] Closing JPA EntityManagerFactory for persistence unit 'default'
2023-03-07 20:38:11,720 INFO com.zaxxer.hikari.HikariDataSource [SpringApplicationShutdownHook] HikariPool-1 - Shutdown initiated...
2023-03-07 20:38:11,730 INFO com.zaxxer.hikari.HikariDataSource [SpringApplicationShutdownHook] HikariPool-1 - Shutdown completed.
2023-03-07 20:45:35,679 INFO org.springframework.boot.StartupInfoLogger [main] Starting PFEApplication using Java 1.8.0_191 on DESKTOP-SSNOUCT with PID 13592 (C:\Users\LENOVO GAMER\Desktop\PFE2\target\classes started by LENOVO GAMER in C:\Users\LENOVO GAMER\Desktop\PFE2)
2023-03-07 20:45:35,684 DEBUG org.springframework.boot.StartupInfoLogger [main] Running with Spring Boot v2.5.1, Spring v5.3.8
2023-03-07 20:45:35,685 INFO org.springframework.boot.SpringApplication [main] The following profiles are active: dev
2023-03-07 20:45:38,910 INFO org.springframework.data.repository.config.RepositoryConfigurationDelegate [main] Bootstrapping Spring Data JPA repositories in DEFAULT mode.
2023-03-07 20:45:39,056 INFO org.springframework.data.repository.config.RepositoryConfigurationDelegate [main] Finished Spring Data repository scanning in 124 ms. Found 1 JPA repository interfaces.
2023-03-07 20:45:41,282 INFO org.springframework.boot.web.embedded.tomcat.TomcatWebServer [main] Tomcat initialized with port(s): 8083 (http)
2023-03-07 20:45:41,308 INFO org.apache.juli.logging.DirectJDKLog [main] Initializing ProtocolHandler ["http-nio-8083"]
2023-03-07 20:45:41,309 INFO org.apache.juli.logging.DirectJDKLog [main] Starting service [Tomcat]
2023-03-07 20:45:41,310 INFO org.apache.juli.logging.DirectJDKLog [main] Starting Servlet engine: [Apache Tomcat/9.0.46]
2023-03-07 20:45:41,642 INFO org.apache.juli.logging.DirectJDKLog [main] Initializing Spring embedded WebApplicationContext
2023-03-07 20:45:41,644 INFO org.springframework.boot.web.servlet.context.ServletWebServerApplicationContext [main] Root WebApplicationContext: initialization completed in 5743 ms
2023-03-07 20:45:41,965 INFO com.zaxxer.hikari.HikariDataSource [main] HikariPool-1 - Starting...
2023-03-07 20:45:42,491 INFO com.zaxxer.hikari.pool.PoolBase [main] HikariPool-1 - Driver does not support get/set network timeout for connections. (com.mysql.jdbc.JDBC4Connection.getNetworkTimeout()I)
2023-03-07 20:45:42,496 INFO com.zaxxer.hikari.HikariDataSource [main] HikariPool-1 - Start completed.
2023-03-07 20:45:44,537 ERROR org.springframework.orm.jpa.AbstractEntityManagerFactoryBean [main] Failed to initialize JPA EntityManagerFactory: [PersistenceUnit: default] Unable to build Hibernate SessionFactory; nested exception is org.hibernate.MappingException: Could not determine type for: ma.geo.local.entities.Adresse, at table: student_entity, for columns: [org.hibernate.mapping.Column(adresse)]
2023-03-07 20:45:44,539 WARN org.springframework.context.support.AbstractApplicationContext [main] Exception encountered during context initialization - cancelling refresh attempt: org.springframework.beans.factory.BeanCreationException: Error creating bean with name 'entityManagerFactory' defined in class path resource [org/springframework/boot/autoconfigure/orm/jpa/HibernateJpaConfiguration.class]: Invocation of init method failed; nested exception is javax.persistence.PersistenceException: [PersistenceUnit: default] Unable to build Hibernate SessionFactory; nested exception is org.hibernate.MappingException: Could not determine type for: ma.geo.local.entities.Adresse, at table: student_entity, for columns: [org.hibernate.mapping.Column(adresse)]
2023-03-07 20:45:44,540 INFO com.zaxxer.hikari.HikariDataSource [main] HikariPool-1 - Shutdown initiated...
2023-03-07 20:45:44,546 INFO com.zaxxer.hikari.HikariDataSource [main] HikariPool-1 - Shutdown completed.
2023-03-07 20:45:44,549 INFO org.apache.juli.logging.DirectJDKLog [main] Stopping service [Tomcat]
2023-03-07 20:45:44,572 INFO org.springframework.boot.autoconfigure.logging.ConditionEvaluationReportLoggingListener [main] 

Error starting ApplicationContext. To display the conditions report re-run your application with 'debug' enabled.
2023-03-07 20:45:44,605 ERROR org.springframework.boot.SpringApplication [main] Application run failed
org.springframework.beans.factory.BeanCreationException: Error creating bean with name 'entityManagerFactory' defined in class path resource [org/springframework/boot/autoconfigure/orm/jpa/HibernateJpaConfiguration.class]: Invocation of init method failed; nested exception is javax.persistence.PersistenceException: [PersistenceUnit: default] Unable to build Hibernate SessionFactory; nested exception is org.hibernate.MappingException: Could not determine type for: ma.geo.local.entities.Adresse, at table: student_entity, for columns: [org.hibernate.mapping.Column(adresse)]
	at org.springframework.beans.factory.support.AbstractAutowireCapableBeanFactory.initializeBean(AbstractAutowireCapableBeanFactory.java:1786)
	at org.springframework.beans.factory.support.AbstractAutowireCapableBeanFactory.doCreateBean(AbstractAutowireCapableBeanFactory.java:602)
	at org.springframework.beans.factory.support.AbstractAutowireCapableBeanFactory.createBean(AbstractAutowireCapableBeanFactory.java:524)
	at org.springframework.beans.factory.support.AbstractBeanFactory.lambda$doGetBean$0(AbstractBeanFactory.java:335)
	at org.springframework.beans.factory.support.DefaultSingletonBeanRegistry.getSingleton(DefaultSingletonBeanRegistry.java:234)
	at org.springframework.beans.factory.support.AbstractBeanFactory.doGetBean(AbstractBeanFactory.java:333)
	at org.springframework.beans.factory.support.AbstractBeanFactory.getBean(AbstractBeanFactory.java:208)
	at org.springframework.context.support.AbstractApplicationContext.getBean(AbstractApplicationContext.java:1154)
	at org.springframework.context.support.AbstractApplicationContext.finishBeanFactoryInitialization(AbstractApplicationContext.java:908)
	at org.springframework.context.support.AbstractApplicationContext.refresh(AbstractApplicationContext.java:583)
	at org.springframework.boot.web.servlet.context.ServletWebServerApplicationContext.refresh(ServletWebServerApplicationContext.java:145)
	at org.springframework.boot.SpringApplication.refresh(SpringApplication.java:754)
	at org.springframework.boot.SpringApplication.refreshContext(SpringApplication.java:434)
	at org.springframework.boot.SpringApplication.run(SpringApplication.java:338)
	at ma.geo.local.PFEApplication.main(PFEApplication.java:23)
Caused by: javax.persistence.PersistenceException: [PersistenceUnit: default] Unable to build Hibernate SessionFactory; nested exception is org.hibernate.MappingException: Could not determine type for: ma.geo.local.entities.Adresse, at table: student_entity, for columns: [org.hibernate.mapping.Column(adresse)]
	at org.springframework.orm.jpa.AbstractEntityManagerFactoryBean.buildNativeEntityManagerFactory(AbstractEntityManagerFactoryBean.java:421)
	at org.springframework.orm.jpa.AbstractEntityManagerFactoryBean.afterPropertiesSet(AbstractEntityManagerFactoryBean.java:396)
	at org.springframework.orm.jpa.LocalContainerEntityManagerFactoryBean.afterPropertiesSet(LocalContainerEntityManagerFactoryBean.java:341)
	at org.springframework.beans.factory.support.AbstractAutowireCapableBeanFactory.invokeInitMethods(AbstractAutowireCapableBeanFactory.java:1845)
	at org.springframework.beans.factory.support.AbstractAutowireCapableBeanFactory.initializeBean(AbstractAutowireCapableBeanFactory.java:1782)
	... 14 common frames omitted
Caused by: org.hibernate.MappingException: Could not determine type for: ma.geo.local.entities.Adresse, at table: student_entity, for columns: [org.hibernate.mapping.Column(adresse)]
	at org.hibernate.mapping.SimpleValue.getType(SimpleValue.java:499)
	at org.hibernate.mapping.SimpleValue.isValid(SimpleValue.java:466)
	at org.hibernate.mapping.Property.isValid(Property.java:227)
	at org.hibernate.mapping.PersistentClass.validate(PersistentClass.java:624)
	at org.hibernate.mapping.RootClass.validate(RootClass.java:267)
	at org.hibernate.boot.internal.MetadataImpl.validate(MetadataImpl.java:354)
	at org.hibernate.internal.SessionFactoryImpl.<init>(SessionFactoryImpl.java:298)
	at org.hibernate.boot.internal.SessionFactoryBuilderImpl.build(SessionFactoryBuilderImpl.java:468)
	at org.hibernate.jpa.boot.internal.EntityManagerFactoryBuilderImpl.build(EntityManagerFactoryBuilderImpl.java:1259)
	at org.springframework.orm.jpa.vendor.SpringHibernateJpaPersistenceProvider.createContainerEntityManagerFactory(SpringHibernateJpaPersistenceProvider.java:58)
	at org.springframework.orm.jpa.LocalContainerEntityManagerFactoryBean.createNativeEntityManagerFactory(LocalContainerEntityManagerFactoryBean.java:365)
	at org.springframework.orm.jpa.AbstractEntityManagerFactoryBean.buildNativeEntityManagerFactory(AbstractEntityManagerFactoryBean.java:409)
	... 18 common frames omitted
2023-03-07 20:48:16,369 INFO org.springframework.boot.StartupInfoLogger [main] Starting PFEApplication using Java 1.8.0_191 on DESKTOP-SSNOUCT with PID 18364 (C:\Users\LENOVO GAMER\Desktop\PFE2\target\classes started by LENOVO GAMER in C:\Users\LENOVO GAMER\Desktop\PFE2)
2023-03-07 20:48:16,411 DEBUG org.springframework.boot.StartupInfoLogger [main] Running with Spring Boot v2.5.1, Spring v5.3.8
2023-03-07 20:48:16,412 INFO org.springframework.boot.SpringApplication [main] The following profiles are active: dev
2023-03-07 20:48:19,906 INFO org.springframework.data.repository.config.RepositoryConfigurationDelegate [main] Bootstrapping Spring Data JPA repositories in DEFAULT mode.
2023-03-07 20:48:20,052 INFO org.springframework.data.repository.config.RepositoryConfigurationDelegate [main] Finished Spring Data repository scanning in 126 ms. Found 1 JPA repository interfaces.
2023-03-07 20:48:22,372 INFO org.springframework.boot.web.embedded.tomcat.TomcatWebServer [main] Tomcat initialized with port(s): 8083 (http)
2023-03-07 20:48:22,395 INFO org.apache.juli.logging.DirectJDKLog [main] Initializing ProtocolHandler ["http-nio-8083"]
2023-03-07 20:48:22,397 INFO org.apache.juli.logging.DirectJDKLog [main] Starting service [Tomcat]
2023-03-07 20:48:22,398 INFO org.apache.juli.logging.DirectJDKLog [main] Starting Servlet engine: [Apache Tomcat/9.0.46]
2023-03-07 20:48:22,695 INFO org.apache.juli.logging.DirectJDKLog [main] Initializing Spring embedded WebApplicationContext
2023-03-07 20:48:22,696 INFO org.springframework.boot.web.servlet.context.ServletWebServerApplicationContext [main] Root WebApplicationContext: initialization completed in 6120 ms
2023-03-07 20:48:23,008 INFO com.zaxxer.hikari.HikariDataSource [main] HikariPool-1 - Starting...
2023-03-07 20:48:23,576 INFO com.zaxxer.hikari.pool.PoolBase [main] HikariPool-1 - Driver does not support get/set network timeout for connections. (com.mysql.jdbc.JDBC4Connection.getNetworkTimeout()I)
2023-03-07 20:48:23,583 INFO com.zaxxer.hikari.HikariDataSource [main] HikariPool-1 - Start completed.
2023-03-07 20:48:25,959 INFO org.springframework.orm.jpa.AbstractEntityManagerFactoryBean [main] Initialized JPA EntityManagerFactory for persistence unit 'default'
2023-03-07 20:48:27,524 WARN org.springframework.boot.autoconfigure.orm.jpa.JpaBaseConfiguration$JpaWebConfiguration [main] spring.jpa.open-in-view is enabled by default. Therefore, database queries may be performed during view rendering. Explicitly configure spring.jpa.open-in-view to disable this warning
2023-03-07 20:48:27,846 DEBUG org.springframework.web.servlet.handler.AbstractHandlerMethodMapping [main] 11 mappings in 'requestMappingHandlerMapping'
2023-03-07 20:48:28,430 DEBUG org.springframework.web.servlet.mvc.method.annotation.RequestMappingHandlerAdapter [main] ControllerAdvice beans: 0 @ModelAttribute, 0 @InitBinder, 1 RequestBodyAdvice, 1 ResponseBodyAdvice
2023-03-07 20:48:28,550 DEBUG org.springframework.web.servlet.handler.SimpleUrlHandlerMapping [main] Patterns [/swagger-ui/] in 'viewControllerHandlerMapping'
2023-03-07 20:48:28,812 DEBUG org.springframework.web.servlet.handler.SimpleUrlHandlerMapping [main] Patterns [/webjars/**, /**, /swagger-ui/**] in 'resourceHandlerMapping'
2023-03-07 20:48:28,847 DEBUG org.springframework.web.servlet.mvc.method.annotation.ExceptionHandlerExceptionResolver [main] ControllerAdvice beans: 0 @ExceptionHandler, 1 ResponseBodyAdvice
2023-03-07 20:48:29,270 INFO org.apache.juli.logging.DirectJDKLog [main] Starting ProtocolHandler ["http-nio-8083"]
2023-03-07 20:48:29,312 INFO org.springframework.boot.web.embedded.tomcat.TomcatWebServer [main] Tomcat started on port(s): 8083 (http) with context path ''
2023-03-07 20:48:30,796 INFO org.springframework.boot.StartupInfoLogger [main] Started PFEApplication in 15.705 seconds (JVM running for 17.436)
2023-03-07 20:48:30,815 INFO ma.geo.local.PFEApplication [main] Access URLs:
----------------------------------------------------------
	Local: 		http://127.0.0.1:8083/swagger-ui/#/
	External: 	http://192.168.56.1:8083/swagger-ui/#/
----------------------------------------------------------
2023-03-07 20:52:39,647 INFO org.springframework.orm.jpa.AbstractEntityManagerFactoryBean [SpringApplicationShutdownHook] Closing JPA EntityManagerFactory for persistence unit 'default'
2023-03-07 20:52:39,655 INFO com.zaxxer.hikari.HikariDataSource [SpringApplicationShutdownHook] HikariPool-1 - Shutdown initiated...
2023-03-07 20:52:39,661 INFO com.zaxxer.hikari.HikariDataSource [SpringApplicationShutdownHook] HikariPool-1 - Shutdown completed.
2023-03-07 20:52:49,188 INFO org.springframework.boot.StartupInfoLogger [main] Starting PFEApplication using Java 1.8.0_191 on DESKTOP-SSNOUCT with PID 3312 (C:\Users\LENOVO GAMER\Desktop\PFE2\target\classes started by LENOVO GAMER in C:\Users\LENOVO GAMER\Desktop\PFE2)
2023-03-07 20:52:49,194 DEBUG org.springframework.boot.StartupInfoLogger [main] Running with Spring Boot v2.5.1, Spring v5.3.8
2023-03-07 20:52:49,194 INFO org.springframework.boot.SpringApplication [main] The following profiles are active: dev
2023-03-07 20:52:52,850 INFO org.springframework.data.repository.config.RepositoryConfigurationDelegate [main] Bootstrapping Spring Data JPA repositories in DEFAULT mode.
2023-03-07 20:52:52,950 INFO org.springframework.data.repository.config.RepositoryConfigurationDelegate [main] Finished Spring Data repository scanning in 82 ms. Found 1 JPA repository interfaces.
2023-03-07 20:52:56,308 INFO org.springframework.boot.web.embedded.tomcat.TomcatWebServer [main] Tomcat initialized with port(s): 8083 (http)
2023-03-07 20:52:56,345 INFO org.apache.juli.logging.DirectJDKLog [main] Initializing ProtocolHandler ["http-nio-8083"]
2023-03-07 20:52:56,347 INFO org.apache.juli.logging.DirectJDKLog [main] Starting service [Tomcat]
2023-03-07 20:52:56,348 INFO org.apache.juli.logging.DirectJDKLog [main] Starting Servlet engine: [Apache Tomcat/9.0.46]
2023-03-07 20:52:56,685 INFO org.apache.juli.logging.DirectJDKLog [main] Initializing Spring embedded WebApplicationContext
2023-03-07 20:52:56,685 INFO org.springframework.boot.web.servlet.context.ServletWebServerApplicationContext [main] Root WebApplicationContext: initialization completed in 7031 ms
2023-03-07 20:52:57,308 INFO com.zaxxer.hikari.HikariDataSource [main] HikariPool-1 - Starting...
2023-03-07 20:52:58,117 INFO com.zaxxer.hikari.pool.PoolBase [main] HikariPool-1 - Driver does not support get/set network timeout for connections. (com.mysql.jdbc.JDBC4Connection.getNetworkTimeout()I)
2023-03-07 20:52:58,125 INFO com.zaxxer.hikari.HikariDataSource [main] HikariPool-1 - Start completed.
2023-03-07 20:53:00,353 INFO org.springframework.orm.jpa.AbstractEntityManagerFactoryBean [main] Initialized JPA EntityManagerFactory for persistence unit 'default'
2023-03-07 20:53:02,450 WARN org.springframework.boot.autoconfigure.orm.jpa.JpaBaseConfiguration$JpaWebConfiguration [main] spring.jpa.open-in-view is enabled by default. Therefore, database queries may be performed during view rendering. Explicitly configure spring.jpa.open-in-view to disable this warning
2023-03-07 20:53:02,776 DEBUG org.springframework.web.servlet.handler.AbstractHandlerMethodMapping [main] 11 mappings in 'requestMappingHandlerMapping'
2023-03-07 20:53:03,456 DEBUG org.springframework.web.servlet.mvc.method.annotation.RequestMappingHandlerAdapter [main] ControllerAdvice beans: 0 @ModelAttribute, 0 @InitBinder, 1 RequestBodyAdvice, 1 ResponseBodyAdvice
2023-03-07 20:53:03,656 DEBUG org.springframework.web.servlet.handler.SimpleUrlHandlerMapping [main] Patterns [/swagger-ui/] in 'viewControllerHandlerMapping'
2023-03-07 20:53:03,750 DEBUG org.springframework.web.servlet.handler.SimpleUrlHandlerMapping [main] Patterns [/webjars/**, /**, /swagger-ui/**] in 'resourceHandlerMapping'
2023-03-07 20:53:03,858 DEBUG org.springframework.web.servlet.mvc.method.annotation.ExceptionHandlerExceptionResolver [main] ControllerAdvice beans: 0 @ExceptionHandler, 1 ResponseBodyAdvice
2023-03-07 20:53:04,145 INFO org.apache.juli.logging.DirectJDKLog [main] Starting ProtocolHandler ["http-nio-8083"]
2023-03-07 20:53:04,296 INFO org.springframework.boot.web.embedded.tomcat.TomcatWebServer [main] Tomcat started on port(s): 8083 (http) with context path ''
2023-03-07 20:53:05,604 INFO org.springframework.boot.StartupInfoLogger [main] Started PFEApplication in 18.08 seconds (JVM running for 19.836)
2023-03-07 20:53:05,644 INFO ma.geo.local.PFEApplication [main] Access URLs:
----------------------------------------------------------
	Local: 		http://127.0.0.1:8083/swagger-ui/#/
	External: 	http://192.168.56.1:8083/swagger-ui/#/
----------------------------------------------------------
